{"C:\\Users\\27die\\Downloads\\ProyectoRedNorte2\\Frontend-RedNorte\\src\\App.jsx": {"path":"C:\\Users\\27die\\Downloads\\ProyectoRedNorte2\\Frontend-RedNorte\\src\\App.jsx","statementMap":{"0":{"start":{"line":9,"column":48},"end":{"line":9,"column":63}},"1":{"start":{"line":10,"column":36},"end":{"line":10,"column":51}},"2":{"start":{"line":11,"column":42},"end":{"line":11,"column":57}},"3":{"start":{"line":12,"column":48},"end":{"line":12,"column":63}},"4":{"start":{"line":13,"column":62},"end":{"line":13,"column":76}},"5":{"start":{"line":14,"column":52},"end":{"line":14,"column":67}},"6":{"start":{"line":15,"column":42},"end":{"line":15,"column":54}},"7":{"start":{"line":17,"column":17},"end":{"line":24,"column":3}},"8":{"start":{"line":18,"column":4},"end":{"line":18,"column":24}},"9":{"start":{"line":19,"column":4},"end":{"line":19,"column":27}},"10":{"start":{"line":20,"column":4},"end":{"line":20,"column":30}},"11":{"start":{"line":21,"column":4},"end":{"line":21,"column":36}},"12":{"start":{"line":22,"column":4},"end":{"line":22,"column":32}},"13":{"start":{"line":23,"column":4},"end":{"line":23,"column":24}},"14":{"start":{"line":26,"column":23},"end":{"line":29,"column":3}},"15":{"start":{"line":27,"column":4},"end":{"line":27,"column":30}},"16":{"start":{"line":28,"column":4},"end":{"line":28,"column":13}},"17":{"start":{"line":31,"column":31},"end":{"line":33,"column":3}},"18":{"start":{"line":32,"column":4},"end":{"line":32,"column":74}},"19":{"start":{"line":35,"column":26},"end":{"line":40,"column":3}},"20":{"start":{"line":36,"column":4},"end":{"line":36,"column":32}},"21":{"start":{"line":37,"column":4},"end":{"line":37,"column":24}},"22":{"start":{"line":38,"column":4},"end":{"line":38,"column":27}},"23":{"start":{"line":39,"column":4},"end":{"line":39,"column":23}},"24":{"start":{"line":42,"column":32},"end":{"line":54,"column":3}},"25":{"start":{"line":43,"column":4},"end":{"line":51,"column":5}},"26":{"start":{"line":44,"column":6},"end":{"line":44,"column":45}},"27":{"start":{"line":45,"column":6},"end":{"line":45,"column":33}},"28":{"start":{"line":46,"column":6},"end":{"line":46,"column":76}},"29":{"start":{"line":47,"column":6},"end":{"line":47,"column":29}},"30":{"start":{"line":48,"column":6},"end":{"line":48,"column":25}},"31":{"start":{"line":49,"column":6},"end":{"line":49,"column":32}},"32":{"start":{"line":50,"column":6},"end":{"line":50,"column":13}},"33":{"start":{"line":52,"column":4},"end":{"line":52,"column":43}},"34":{"start":{"line":53,"column":4},"end":{"line":53,"column":29}},"35":{"start":{"line":56,"column":29},"end":{"line":67,"column":3}},"36":{"start":{"line":57,"column":4},"end":{"line":57,"column":29}},"37":{"start":{"line":58,"column":4},"end":{"line":58,"column":24}},"38":{"start":{"line":59,"column":4},"end":{"line":59,"column":24}},"39":{"start":{"line":61,"column":4},"end":{"line":66,"column":5}},"40":{"start":{"line":62,"column":6},"end":{"line":62,"column":34}},"41":{"start":{"line":63,"column":6},"end":{"line":63,"column":31}},"42":{"start":{"line":65,"column":6},"end":{"line":65,"column":32}},"43":{"start":{"line":69,"column":2},"end":{"line":109,"column":4}},"44":{"start":{"line":75,"column":12},"end":{"line":75,"column":38}},"45":{"start":{"line":81,"column":35},"end":{"line":81,"column":62}},"46":{"start":{"line":86,"column":12},"end":{"line":86,"column":35}},"47":{"start":{"line":87,"column":12},"end":{"line":87,"column":31}},"48":{"start":{"line":98,"column":12},"end":{"line":98,"column":32}},"49":{"start":{"line":99,"column":12},"end":{"line":99,"column":34}}},"fnMap":{"0":{"name":"App","decl":{"start":{"line":8,"column":9},"end":{"line":8,"column":12}},"loc":{"start":{"line":8,"column":15},"end":{"line":110,"column":1}},"line":8},"1":{"name":"(anonymous_1)","decl":{"start":{"line":17,"column":17},"end":{"line":17,"column":18}},"loc":{"start":{"line":17,"column":23},"end":{"line":24,"column":3}},"line":17},"2":{"name":"(anonymous_2)","decl":{"start":{"line":26,"column":23},"end":{"line":26,"column":24}},"loc":{"start":{"line":26,"column":29},"end":{"line":29,"column":3}},"line":26},"3":{"name":"(anonymous_3)","decl":{"start":{"line":31,"column":31},"end":{"line":31,"column":32}},"loc":{"start":{"line":31,"column":37},"end":{"line":33,"column":3}},"line":31},"4":{"name":"(anonymous_4)","decl":{"start":{"line":35,"column":26},"end":{"line":35,"column":27}},"loc":{"start":{"line":35,"column":32},"end":{"line":40,"column":3}},"line":35},"5":{"name":"(anonymous_5)","decl":{"start":{"line":42,"column":32},"end":{"line":42,"column":33}},"loc":{"start":{"line":42,"column":56},"end":{"line":54,"column":3}},"line":42},"6":{"name":"(anonymous_6)","decl":{"start":{"line":56,"column":29},"end":{"line":56,"column":30}},"loc":{"start":{"line":56,"column":35},"end":{"line":67,"column":3}},"line":56},"7":{"name":"(anonymous_7)","decl":{"start":{"line":74,"column":18},"end":{"line":74,"column":19}},"loc":{"start":{"line":74,"column":24},"end":{"line":76,"column":11}},"line":74},"8":{"name":"(anonymous_8)","decl":{"start":{"line":81,"column":29},"end":{"line":81,"column":30}},"loc":{"start":{"line":81,"column":35},"end":{"line":81,"column":62}},"line":81},"9":{"name":"(anonymous_9)","decl":{"start":{"line":85,"column":18},"end":{"line":85,"column":19}},"loc":{"start":{"line":85,"column":24},"end":{"line":88,"column":11}},"line":85},"10":{"name":"(anonymous_10)","decl":{"start":{"line":97,"column":22},"end":{"line":97,"column":23}},"loc":{"start":{"line":97,"column":28},"end":{"line":100,"column":11}},"line":97}},"branchMap":{"0":{"loc":{"start":{"line":42,"column":33},"end":{"line":42,"column":51}},"type":"default-arg","locations":[{"start":{"line":42,"column":47},"end":{"line":42,"column":51}}],"line":42},"1":{"loc":{"start":{"line":43,"column":4},"end":{"line":51,"column":5}},"type":"if","locations":[{"start":{"line":43,"column":4},"end":{"line":51,"column":5}},{"start":{},"end":{}}],"line":43},"2":{"loc":{"start":{"line":61,"column":4},"end":{"line":66,"column":5}},"type":"if","locations":[{"start":{"line":61,"column":4},"end":{"line":66,"column":5}},{"start":{"line":64,"column":11},"end":{"line":66,"column":5}}],"line":61},"3":{"loc":{"start":{"line":71,"column":7},"end":{"line":107,"column":7}},"type":"cond-expr","locations":[{"start":{"line":72,"column":8},"end":{"line":77,"column":10}},{"start":{"line":78,"column":10},"end":{"line":107,"column":7}}],"line":71},"4":{"loc":{"start":{"line":71,"column":7},"end":{"line":71,"column":41}},"type":"binary-expr","locations":[{"start":{"line":71,"column":7},"end":{"line":71,"column":22}},{"start":{"line":71,"column":26},"end":{"line":71,"column":41}}],"line":71},"5":{"loc":{"start":{"line":78,"column":10},"end":{"line":107,"column":7}},"type":"cond-expr","locations":[{"start":{"line":79,"column":8},"end":{"line":82,"column":10}},{"start":{"line":83,"column":10},"end":{"line":107,"column":7}}],"line":78},"6":{"loc":{"start":{"line":83,"column":10},"end":{"line":107,"column":7}},"type":"cond-expr","locations":[{"start":{"line":84,"column":8},"end":{"line":90,"column":10}},{"start":{"line":91,"column":10},"end":{"line":107,"column":7}}],"line":83},"7":{"loc":{"start":{"line":91,"column":10},"end":{"line":107,"column":7}},"type":"cond-expr","locations":[{"start":{"line":92,"column":8},"end":{"line":101,"column":10}},{"start":{"line":103,"column":8},"end":{"line":106,"column":10}}],"line":91}},"s":{"0":13,"1":13,"2":13,"3":13,"4":13,"5":13,"6":13,"7":13,"8":1,"9":1,"10":1,"11":1,"12":1,"13":1,"14":13,"15":1,"16":1,"17":13,"18":0,"19":13,"20":2,"21":2,"22":2,"23":2,"24":13,"25":2,"26":1,"27":1,"28":1,"29":1,"30":1,"31":1,"32":1,"33":1,"34":1,"35":13,"36":1,"37":1,"38":1,"39":1,"40":0,"41":0,"42":1,"43":13,"44":1,"45":1,"46":1,"47":1,"48":1,"49":1},"f":{"0":13,"1":1,"2":1,"3":0,"4":2,"5":2,"6":1,"7":1,"8":1,"9":1,"10":1},"b":{"0":[0],"1":[1,1],"2":[0,1],"3":[1,12],"4":[13,3],"5":[2,10],"6":[1,9],"7":[4,5]},"_coverageSchema":"1a1c01bbd47fc00a2c39e90264f33305004495a9","hash":"6ef16ed8778083c4d535d3ec81ad41e7fa572055"}
}
