TN:
SF:src\App.jsx
FN:8,App
FN:17,(anonymous_1)
FN:26,(anonymous_2)
FN:31,(anonymous_3)
FN:35,(anonymous_4)
FN:42,(anonymous_5)
FN:56,(anonymous_6)
FN:74,(anonymous_7)
FN:81,(anonymous_8)
FN:85,(anonymous_9)
FN:97,(anonymous_10)
FNF:11
FNH:10
FNDA:13,App
FNDA:1,(anonymous_1)
FNDA:1,(anonymous_2)
FNDA:0,(anonymous_3)
FNDA:2,(anonymous_4)
FNDA:2,(anonymous_5)
FNDA:1,(anonymous_6)
FNDA:1,(anonymous_7)
FNDA:1,(anonymous_8)
FNDA:1,(anonymous_9)
FNDA:1,(anonymous_10)
DA:9,13
DA:10,13
DA:11,13
DA:12,13
DA:13,13
DA:14,13
DA:15,13
DA:17,13
DA:18,1
DA:19,1
DA:20,1
DA:21,1
DA:22,1
DA:23,1
DA:26,13
DA:27,1
DA:28,1
DA:31,13
DA:32,0
DA:35,13
DA:36,2
DA:37,2
DA:38,2
DA:39,2
DA:42,13
DA:43,2
DA:44,1
DA:45,1
DA:46,1
DA:47,1
DA:48,1
DA:49,1
DA:50,1
DA:52,1
DA:53,1
DA:56,13
DA:57,1
DA:58,1
DA:59,1
DA:61,1
DA:62,0
DA:63,0
DA:65,1
DA:69,13
DA:75,1
DA:81,1
DA:86,1
DA:87,1
DA:98,1
DA:99,1
LF:50
LH:47
BRDA:42,0,0,0
BRDA:43,1,0,1
BRDA:43,1,1,1
BRDA:61,2,0,0
BRDA:61,2,1,1
BRDA:71,3,0,1
BRDA:71,3,1,12
BRDA:71,4,0,13
BRDA:71,4,1,3
BRDA:78,5,0,2
BRDA:78,5,1,10
BRDA:83,6,0,1
BRDA:83,6,1,9
BRDA:91,7,0,4
BRDA:91,7,1,5
BRF:15
BRH:13
end_of_record
